<?xml version="1.0" encoding="UTF-8"?>
<!-- Generated by org.testng.reporters.JUnitReportReporter -->
<testsuite skipped="0" hostname="poornima" name="com.Mars.report" tests="1" failures="0" timestamp="04 Aug 2018 06:49:13 GMT" time="1.582" errors="0">
  <testcase name="loginTest" time="1.582" classname="com.Mars.report"/>
</testsuite> <!-- com.Mars.report -->
