<?xml version="1.0" encoding="UTF-8"?>
<!-- Generated by org.testng.reporters.JUnitReportReporter -->
<testsuite skipped="0" hostname="poornima" name="com.Mars.LoginTestNew" tests="1" failures="0" timestamp="06 Aug 2018 09:36:23 GMT" time="24.638" errors="0">
  <testcase name="loginMars" time="24.638" classname="com.Mars.LoginTestNew"/>
</testsuite> <!-- com.Mars.LoginTestNew -->
